<?xml version="1.0" encoding="UTF-8"?>
<!-- Generated by org.testng.reporters.JUnitReportReporter -->
<testsuite skipped="0" hostname="DELL" name="com.avanade.test.task.tests.SearchResultsCanadaTest" tests="1" failures="0" timestamp="02 Dec 2018 20:20:09 GMT" time="34.278" errors="0">
  <testcase name="checkCanadaResults" time="34.278" classname="com.avanade.test.task.tests.SearchResultsCanadaTest"/>
</testsuite> <!-- com.avanade.test.task.tests.SearchResultsCanadaTest -->
