<?xml version="1.0" encoding="UTF-8"?>
<!-- Generated by org.testng.reporters.JUnitReportReporter -->
<testsuite skipped="0" hostname="DELL" name="com.avanade.test.task.tests.SearchResultsUnitedStatesTest" tests="1" failures="0" timestamp="02 Dec 2018 20:20:09 GMT" time="41.719" errors="0">
  <testcase name="checkUnitedStatesResults" time="41.719" classname="com.avanade.test.task.tests.SearchResultsUnitedStatesTest"/>
</testsuite> <!-- com.avanade.test.task.tests.SearchResultsUnitedStatesTest -->
